#
# A fatal error has been detected by the Java Runtime Environment:
#
#  EXCEPTION_INT_DIVIDE_BY_ZERO (0xc0000094) at pc=0x00007ffdf59a970b, pid=21048, tid=11632
#
# JRE version: OpenJDK Runtime Environment JBR-11.0.10.9-1341.35-dcevm (11.0.10+9) (build 11.0.10+9-b1341.35)
# Java VM: Dynamic Code Evolution 64-Bit Server VM JBR-11.0.10.9-1341.35-dcevm (11.0.10+9-b1341.35, mixed mode, tiered, compressed oops, g1 gc, windows-amd64)
# Problematic frame:
# C  [ig9icd64.dll+0x2b970b]
#
# No core dump will be written. Minidumps are not enabled by default on client versions of Windows
#
# If you would like to submit a bug report, please visit:
#   https://bugreport.java.com/bugreport/crash.jsp
# The crash happened outside the Java Virtual Machine in native code.
# See problematic frame for where to report the bug.
#

---------------  S U M M A R Y ------------

Command Line: -Dfile.encoding=windows-1252 -Duser.country=US -Duser.language=en -Duser.variant Main

Host: Intel(R) Core(TM) i7-8550U CPU @ 1.80GHz, 8 cores, 15G,  Windows 10 , 64 bit Build 19041 (10.0.19041.928)
Time: Mon May 10 23:18:33 2021 Bangladesh Standard Time elapsed time: 185.916346 seconds (0d 0h 3m 5s)

---------------  T H R E A D  ---------------

Current thread (0x00000209b0338800):  JavaThread "main" [_thread_in_native, id=11632, stack(0x0000006526300000,0x0000006526400000)]

Stack: [0x0000006526300000,0x0000006526400000],  sp=0x00000065263fc5e0,  free space=1009k
Native frames: (J=compiled Java code, j=interpreted, Vv=VM code, C=native code)
C  [ig9icd64.dll+0x2b970b]

Java frames: (J=compiled Java code, j=interpreted, Vv=VM code)
J 1242  org.lwjgl.opengl.GL11C.nglDrawElements(IIIJ)V (0 bytes) @ 0x00000209bba8b09e [0x00000209bba8b040+0x000000000000005e]
J 1275 c2 Liff.Core.Application.render(F)V (18 bytes) @ 0x00000209bba99e40 [0x00000209bba99c00+0x0000000000000240]
j  Liff.Core.Application.loop()V+47
j  Liff.Core.Application.run()V+35
j  Main.main([Ljava/lang/String;)V+28
v  ~StubRoutines::call_stub

siginfo: EXCEPTION_INT_DIVIDE_BY_ZERO (0xc0000094)


Register to memory mapping:

RIP=0x00007ffdf59a970b ig9icd64.dll
RAX=0x0 is NULL
RBX=0x00000209d0914040 points into unknown readable memory: 0x00000209d08c1c40 | 40 1c 8c d0 09 02 00 00
RCX=0xffff800400000000 is an unknown value
RDX=0x0 is NULL
RSP=0x00000065263fc5e0 is pointing into the stack for thread: 0x00000209b0338800
RBP=0x00000065263fc6e0 is pointing into the stack for thread: 0x00000209b0338800
RSI=0x0000000080000000 is an unknown value
RDI=0x00000209d18a0550 points into unknown readable memory: 0x000c600078080003 | 03 00 08 78 00 60 0c 00
R8 =0xffff8004ffffffff is an unknown value
R9 =0x0 is NULL
R10=0x00000209d0487cc0 points into unknown readable memory: 0x0000000000000000 | 00 00 00 00 00 00 00 00
R11=0x0000000000000004 is an unknown value
R12=0x0000000000000010 is an unknown value
R13=0x000002099161fd10 points into unknown readable memory: 0x0000000000000000 | 00 00 00 00 00 00 00 00
R14=0x0 is NULL
R15=0x00000209d0a37150 points into unknown readable memory: 0x0000703411000001 | 01 00 00 11 34 70 00 00


Registers:
RAX=0x0000000000000000, RBX=0x00000209d0914040, RCX=0xffff800400000000, RDX=0x0000000000000000
RSP=0x00000065263fc5e0, RBP=0x00000065263fc6e0, RSI=0x0000000080000000, RDI=0x00000209d18a0550
R8 =0xffff8004ffffffff, R9 =0x0000000000000000, R10=0x00000209d0487cc0, R11=0x0000000000000004
R12=0x0000000000000010, R13=0x000002099161fd10, R14=0x0000000000000000, R15=0x00000209d0a37150
RIP=0x00007ffdf59a970b, EFLAGS=0x0000000000010246

Top of Stack: (sp=0x00000065263fc5e0)
0x00000065263fc5e0:   00000209d0914040 00007ffe34be9cf7
0x00000065263fc5f0:   00000065263fc6e0 00007ffe348360d7
0x00000065263fc600:   0000020900000000 0000000000000000
0x00000065263fc610:   0000000000000008 0000020900000540
0x00000065263fc620:   0000055800000004 00007ffe00000001
0x00000065263fc630:   0000020900000550 00000209ae095300
0x00000065263fc640:   00000000ffffffff 0000000000000004
0x00000065263fc650:   00000209d0487408 00007ffe3486183c
0x00000065263fc660:   00000209d0487cc0 0000020900000000
0x00000065263fc670:   0000000000000004 00007ffe34d6fe3a
0x00000065263fc680:   00000209b0339000 00007ffe34ce7bbd
0x00000065263fc690:   0000000000000010 00000065263fc601
0x00000065263fc6a0:   0000000000000000 0000020900000000
0x00000065263fc6b0:   00000209d18a0550 00007ffe34bce414
0x00000065263fc6c0:   00000209b03393f8 00000209b03393f8
0x00000065263fc6d0:   0000000000000114 000002099161fd10 

Instructions: (pc=0x00007ffdf59a970b)
0x00007ffdf59a960b:   10 02 00 00 83 64 10 04 fe 49 8b 81 10 02 00 00
0x00007ffdf59a961b:   83 64 10 04 fd 41 8b 91 50 02 00 00 48 8d 0c 52
0x00007ffdf59a962b:   49 8b 81 38 02 00 00 4c 8d 04 c8 8d 42 01 41 89
0x00007ffdf59a963b:   81 50 02 00 00 45 89 10 41 81 60 04 0b 00 00 ff
0x00007ffdf59a964b:   41 83 48 04 0b 45 89 58 0c 45 89 60 10 45 89 70
0x00007ffdf59a965b:   08 eb 30 44 89 64 24 38 44 89 5c 24 30 44 89 74
0x00007ffdf59a966b:   24 28 c7 44 24 20 0b 00 00 00 45 33 c9 4c 8b c6
0x00007ffdf59a967b:   48 8b 93 78 43 03 00 48 8b 8b f0 40 03 00 e8 82
0x00007ffdf59a968b:   9e db ff 8b 4c 24 50 85 c9 74 2f 48 8b 55 b0 48
0x00007ffdf59a969b:   83 c2 04 44 8b c1 48 8b 85 30 01 00 00 42 8b 4c
0x00007ffdf59a96ab:   30 08 33 0a 81 e1 ff 07 00 00 31 0a 48 8d 52 08
0x00007ffdf59a96bb:   4d 8d 76 0c 49 83 e8 01 75 dc 48 8b 8d 40 01 00
0x00007ffdf59a96cb:   00 e8 9f 89 41 00 be 00 00 00 80 41 83 bf 58 12
0x00007ffdf59a96db:   01 00 01 76 0d 41 c6 87 5c 12 01 00 01 e9 db 00
0x00007ffdf59a96eb:   00 00 48 8b 7d d0 48 8b 4f 08 44 8b 4f 04 41 81
0x00007ffdf59a96fb:   e1 ff 0f 00 00 44 8b 47 10 4c 03 c1 33 d2 8b c1
0x00007ffdf59a970b:   41 f7 f1 44 8b d2 44 8b d8 41 83 f9 01 76 7f 48
0x00007ffdf59a971b:   c1 e9 20 49 c1 e8 20 41 3b c8 75 72 41 80 bf 48
0x00007ffdf59a972b:   e9 00 00 00 75 68 48 63 83 2c a8 02 00 49 2b c3
0x00007ffdf59a973b:   48 03 c6 ba ff ff ff ff 48 3b c2 77 51 44 89 9b
0x00007ffdf59a974b:   00 b2 02 00 41 83 bf 58 12 01 00 01 75 1b 45 3b
0x00007ffdf59a975b:   8f 48 12 01 00 75 12 41 3b 8f 54 12 01 00 75 09
0x00007ffdf59a976b:   45 3b 97 50 12 01 00 74 54 41 89 8f 54 12 01 00
0x00007ffdf59a977b:   45 89 97 50 12 01 00 45 89 8f 48 12 01 00 49 8b
0x00007ffdf59a978b:   87 50 12 01 00 48 89 47 08 89 57 10 eb 08 41 c6
0x00007ffdf59a979b:   87 5c 12 01 00 01 41 83 bf 58 12 01 00 01 75 1d
0x00007ffdf59a97ab:   48 8b 93 70 43 03 00 8b 4a 10 48 03 0a 0f 10 07
0x00007ffdf59a97bb:   0f 11 01 8b 47 10 89 41 10 83 42 10 14 41 c7 87
0x00007ffdf59a97cb:   58 12 01 00 02 00 00 00 e9 18 19 00 00 41 bd 01
0x00007ffdf59a97db:   00 00 00 4c 8b bb 88 45 03 00 45 8b de 44 89 75
0x00007ffdf59a97eb:   80 48 8b 83 a8 45 03 00 48 8b b0 a8 00 00 00 48
0x00007ffdf59a97fb:   89 74 24 70 44 0f b6 4e 06 44 89 4c 24 50 8b 8b 


Stack slot to memory mapping:
stack at sp + 0 slots: 0x00000209d0914040 points into unknown readable memory: 0x00000209d08c1c40 | 40 1c 8c d0 09 02 00 00
stack at sp + 1 slots: 0x00007ffe34be9cf7 jvm.dll
stack at sp + 2 slots: 0x00000065263fc6e0 is pointing into the stack for thread: 0x00000209b0338800
stack at sp + 3 slots: 0x00007ffe348360d7 jvm.dll
stack at sp + 4 slots: 0x0000020900000000 is an unknown value
stack at sp + 5 slots: 0x0 is NULL
stack at sp + 6 slots: 0x0000000000000008 is an unknown value
stack at sp + 7 slots: 0x0000020900000540 is an unknown value


---------------  P R O C E S S  ---------------

Threads class SMR info:
_java_thread_list=0x00000209d0653390, length=10, elements={
0x00000209b0338800, 0x00000209cf574800, 0x00000209cf576000, 0x00000209cfe6c000,
0x00000209cfe6d000, 0x00000209cfe6e000, 0x00000209cfe7b800, 0x00000209cfe85000,
0x00000209cfe87000, 0x00000209cffe7000
}

Java Threads: ( => current thread )
=>0x00000209b0338800 JavaThread "main" [_thread_in_native, id=11632, stack(0x0000006526300000,0x0000006526400000)]
  0x00000209cf574800 JavaThread "Reference Handler" daemon [_thread_blocked, id=14836, stack(0x0000006526a00000,0x0000006526b00000)]
  0x00000209cf576000 JavaThread "Finalizer" daemon [_thread_blocked, id=8284, stack(0x0000006526b00000,0x0000006526c00000)]
  0x00000209cfe6c000 JavaThread "Signal Dispatcher" daemon [_thread_blocked, id=5652, stack(0x0000006526c00000,0x0000006526d00000)]
  0x00000209cfe6d000 JavaThread "Attach Listener" daemon [_thread_blocked, id=18956, stack(0x0000006526d00000,0x0000006526e00000)]
  0x00000209cfe6e000 JavaThread "Service Thread" daemon [_thread_blocked, id=20616, stack(0x0000006526e00000,0x0000006526f00000)]
  0x00000209cfe7b800 JavaThread "C2 CompilerThread0" daemon [_thread_blocked, id=20244, stack(0x0000006526f00000,0x0000006527000000)]
  0x00000209cfe85000 JavaThread "C1 CompilerThread0" daemon [_thread_blocked, id=17632, stack(0x0000006527000000,0x0000006527100000)]
  0x00000209cfe87000 JavaThread "Sweeper thread" daemon [_thread_blocked, id=21400, stack(0x0000006527100000,0x0000006527200000)]
  0x00000209cffe7000 JavaThread "Common-Cleaner" daemon [_thread_blocked, id=19260, stack(0x0000006527300000,0x0000006527400000)]

Other Threads:
  0x00000209cf561800 VMThread "VM Thread" [stack: 0x0000006526900000,0x0000006526a00000] [id=21176]
  0x00000209cffe4000 WatcherThread [stack: 0x0000006527200000,0x0000006527300000] [id=11316]
  0x00000209b034f000 GCTaskThread "GC Thread#0" [stack: 0x0000006526400000,0x0000006526500000] [id=5648]
  0x00000209d61b3000 GCTaskThread "GC Thread#1" [stack: 0x0000006527a00000,0x0000006527b00000] [id=576]
  0x00000209d61b7800 GCTaskThread "GC Thread#2" [stack: 0x0000006527b00000,0x0000006527c00000] [id=21248]
  0x00000209d61b8800 GCTaskThread "GC Thread#3" [stack: 0x0000006527c00000,0x0000006527d00000] [id=14564]
  0x00000209d61bd000 GCTaskThread "GC Thread#4" [stack: 0x0000006527d00000,0x0000006527e00000] [id=19464]
  0x00000209d61cc800 GCTaskThread "GC Thread#5" [stack: 0x0000006527e00000,0x0000006527f00000] [id=21280]
  0x00000209b03ae800 ConcurrentGCThread "G1 Main Marker" [stack: 0x0000006526500000,0x0000006526600000] [id=21268]
  0x00000209b03b0000 ConcurrentGCThread "G1 Conc#0" [stack: 0x0000006526600000,0x0000006526700000] [id=20784]
  0x00000209cf447800 ConcurrentGCThread "G1 Refine#0" [stack: 0x0000006526700000,0x0000006526800000] [id=21228]
  0x00000209cf448800 ConcurrentGCThread "G1 Young RemSet Sampling" [stack: 0x0000006526800000,0x0000006526900000] [id=21156]

Threads with active compile tasks:

VM state:not at safepoint (normal execution)

VM Mutex/Monitor currently owned by a thread: None

Heap address: 0x0000000701400000, size: 4076 MB, Compressed Oops mode: Zero based, Oop shift amount: 3
Narrow klass base: 0x0000000800000000, Narrow klass shift: 0
Compressed class space size: 1073741824 Address: 0x0000000800000000

Heap:
 garbage-first heap   total 262144K, used 88398K [0x0000000701400000, 0x0000000800000000)
  region size 1024K, 88 young (90112K), 3 survivors (3072K)
 Metaspace       used 15634K, capacity 15888K, committed 16128K, reserved 1064960K
  class space    used 1082K, capacity 1179K, committed 1280K, reserved 1048576K
Heap Regions: E=young(eden), S=young(survivor), O=old, HS=humongous(starts), HC=humongous(continues), CS=collection set, F=free, A=archive, TAMS=top-at-mark-start (previous, next)
|   0|0x0000000701400000, 0x0000000701400000, 0x0000000701500000|  0%| F|  |TAMS 0x0000000701400000, 0x0000000701400000| Untracked 
|   1|0x0000000701500000, 0x0000000701500000, 0x0000000701600000|  0%| F|  |TAMS 0x0000000701500000, 0x0000000701500000| Untracked 
|   2|0x0000000701600000, 0x0000000701600000, 0x0000000701700000|  0%| F|  |TAMS 0x0000000701600000, 0x0000000701600000| Untracked 
|   3|0x0000000701700000, 0x0000000701700000, 0x0000000701800000|  0%| F|  |TAMS 0x0000000701700000, 0x0000000701700000| Untracked 
|   4|0x0000000701800000, 0x0000000701800000, 0x0000000701900000|  0%| F|  |TAMS 0x0000000701800000, 0x0000000701800000| Untracked 
|   5|0x0000000701900000, 0x0000000701900000, 0x0000000701a00000|  0%| F|  |TAMS 0x0000000701900000, 0x0000000701900000| Untracked 
|   6|0x0000000701a00000, 0x0000000701a00000, 0x0000000701b00000|  0%| F|  |TAMS 0x0000000701a00000, 0x0000000701a00000| Untracked 
|   7|0x0000000701b00000, 0x0000000701b00000, 0x0000000701c00000|  0%| F|  |TAMS 0x0000000701b00000, 0x0000000701b00000| Untracked 
|   8|0x0000000701c00000, 0x0000000701c00000, 0x0000000701d00000|  0%| F|  |TAMS 0x0000000701c00000, 0x0000000701c00000| Untracked 
|   9|0x0000000701d00000, 0x0000000701d00000, 0x0000000701e00000|  0%| F|  |TAMS 0x0000000701d00000, 0x0000000701d00000| Untracked 
|  10|0x0000000701e00000, 0x0000000701e00000, 0x0000000701f00000|  0%| F|  |TAMS 0x0000000701e00000, 0x0000000701e00000| Untracked 
|  11|0x0000000701f00000, 0x0000000701f00000, 0x0000000702000000|  0%| F|  |TAMS 0x0000000701f00000, 0x0000000701f00000| Untracked 
|  12|0x0000000702000000, 0x0000000702000000, 0x0000000702100000|  0%| F|  |TAMS 0x0000000702000000, 0x0000000702000000| Untracked 
|  13|0x0000000702100000, 0x0000000702100000, 0x0000000702200000|  0%| F|  |TAMS 0x0000000702100000, 0x0000000702100000| Untracked 
|  14|0x0000000702200000, 0x0000000702200000, 0x0000000702300000|  0%| F|  |TAMS 0x0000000702200000, 0x0000000702200000| Untracked 
|  15|0x0000000702300000, 0x0000000702300000, 0x0000000702400000|  0%| F|  |TAMS 0x0000000702300000, 0x0000000702300000| Untracked 
|  16|0x0000000702400000, 0x0000000702400000, 0x0000000702500000|  0%| F|  |TAMS 0x0000000702400000, 0x0000000702400000| Untracked 
|  17|0x0000000702500000, 0x0000000702500000, 0x0000000702600000|  0%| F|  |TAMS 0x0000000702500000, 0x0000000702500000| Untracked 
|  18|0x0000000702600000, 0x0000000702600000, 0x0000000702700000|  0%| F|  |TAMS 0x0000000702600000, 0x0000000702600000| Untracked 
|  19|0x0000000702700000, 0x0000000702700000, 0x0000000702800000|  0%| F|  |TAMS 0x0000000702700000, 0x0000000702700000| Untracked 
|  20|0x0000000702800000, 0x0000000702800000, 0x0000000702900000|  0%| F|  |TAMS 0x0000000702800000, 0x0000000702800000| Untracked 
|  21|0x0000000702900000, 0x0000000702900000, 0x0000000702a00000|  0%| F|  |TAMS 0x0000000702900000, 0x0000000702900000| Untracked 
|  22|0x0000000702a00000, 0x0000000702a00000, 0x0000000702b00000|  0%| F|  |TAMS 0x0000000702a00000, 0x0000000702a00000| Untracked 
|  23|0x0000000702b00000, 0x0000000702b00000, 0x0000000702c00000|  0%| F|  |TAMS 0x0000000702b00000, 0x0000000702b00000| Untracked 
|  24|0x0000000702c00000, 0x0000000702c00000, 0x0000000702d00000|  0%| F|  |TAMS 0x0000000702c00000, 0x0000000702c00000| Untracked 
|  25|0x0000000702d00000, 0x0000000702d00000, 0x0000000702e00000|  0%| F|  |TAMS 0x0000000702d00000, 0x0000000702d00000| Untracked 
|  26|0x0000000702e00000, 0x0000000702e00000, 0x0000000702f00000|  0%| F|  |TAMS 0x0000000702e00000, 0x0000000702e00000| Untracked 
|  27|0x0000000702f00000, 0x0000000702f00000, 0x0000000703000000|  0%| F|  |TAMS 0x0000000702f00000, 0x0000000702f00000| Untracked 
|  28|0x0000000703000000, 0x0000000703000000, 0x0000000703100000|  0%| F|  |TAMS 0x0000000703000000, 0x0000000703000000| Untracked 
|  29|0x0000000703100000, 0x0000000703100000, 0x0000000703200000|  0%| F|  |TAMS 0x0000000703100000, 0x0000000703100000| Untracked 
|  30|0x0000000703200000, 0x0000000703200000, 0x0000000703300000|  0%| F|  |TAMS 0x0000000703200000, 0x0000000703200000| Untracked 
|  31|0x0000000703300000, 0x0000000703300000, 0x0000000703400000|  0%| F|  |TAMS 0x0000000703300000, 0x0000000703300000| Untracked 
|  32|0x0000000703400000, 0x0000000703400000, 0x0000000703500000|  0%| F|  |TAMS 0x0000000703400000, 0x0000000703400000| Untracked 
|  33|0x0000000703500000, 0x0000000703500000, 0x0000000703600000|  0%| F|  |TAMS 0x0000000703500000, 0x0000000703500000| Untracked 
|  34|0x0000000703600000, 0x0000000703600000, 0x0000000703700000|  0%| F|  |TAMS 0x0000000703600000, 0x0000000703600000| Untracked 
|  35|0x0000000703700000, 0x0000000703700000, 0x0000000703800000|  0%| F|  |TAMS 0x0000000703700000, 0x0000000703700000| Untracked 
|  36|0x0000000703800000, 0x0000000703800000, 0x0000000703900000|  0%| F|  |TAMS 0x0000000703800000, 0x0000000703800000| Untracked 
|  37|0x0000000703900000, 0x0000000703900000, 0x0000000703a00000|  0%| F|  |TAMS 0x0000000703900000, 0x0000000703900000| Untracked 
|  38|0x0000000703a00000, 0x0000000703a00000, 0x0000000703b00000|  0%| F|  |TAMS 0x0000000703a00000, 0x0000000703a00000| Untracked 
|  39|0x0000000703b00000, 0x0000000703b00000, 0x0000000703c00000|  0%| F|  |TAMS 0x0000000703b00000, 0x0000000703b00000| Untracked 
|  40|0x0000000703c00000, 0x0000000703c00000, 0x0000000703d00000|  0%| F|  |TAMS 0x0000000703c00000, 0x0000000703c00000| Untracked 
|  41|0x0000000703d00000, 0x0000000703d00000, 0x0000000703e00000|  0%| F|  |TAMS 0x0000000703d00000, 0x0000000703d00000| Untracked 
|  42|0x0000000703e00000, 0x0000000703e00000, 0x0000000703f00000|  0%| F|  |TAMS 0x0000000703e00000, 0x0000000703e00000| Untracked 
|  43|0x0000000703f00000, 0x0000000703f00000, 0x0000000704000000|  0%| F|  |TAMS 0x0000000703f00000, 0x0000000703f00000| Untracked 
|  44|0x0000000704000000, 0x0000000704000000, 0x0000000704100000|  0%| F|  |TAMS 0x0000000704000000, 0x0000000704000000| Untracked 
|  45|0x0000000704100000, 0x0000000704100000, 0x0000000704200000|  0%| F|  |TAMS 0x0000000704100000, 0x0000000704100000| Untracked 
|  46|0x0000000704200000, 0x0000000704200000, 0x0000000704300000|  0%| F|  |TAMS 0x0000000704200000, 0x0000000704200000| Untracked 
|  47|0x0000000704300000, 0x0000000704300000, 0x0000000704400000|  0%| F|  |TAMS 0x0000000704300000, 0x0000000704300000| Untracked 
|  48|0x0000000704400000, 0x0000000704400000, 0x0000000704500000|  0%| F|  |TAMS 0x0000000704400000, 0x0000000704400000| Untracked 
|  49|0x0000000704500000, 0x0000000704500000, 0x0000000704600000|  0%| F|  |TAMS 0x0000000704500000, 0x0000000704500000| Untracked 
|  50|0x0000000704600000, 0x0000000704600000, 0x0000000704700000|  0%| F|  |TAMS 0x0000000704600000, 0x0000000704600000| Untracked 
|  51|0x0000000704700000, 0x0000000704700000, 0x0000000704800000|  0%| F|  |TAMS 0x0000000704700000, 0x0000000704700000| Untracked 
|  52|0x0000000704800000, 0x0000000704800000, 0x0000000704900000|  0%| F|  |TAMS 0x0000000704800000, 0x0000000704800000| Untracked 
|  53|0x0000000704900000, 0x0000000704900000, 0x0000000704a00000|  0%| F|  |TAMS 0x0000000704900000, 0x0000000704900000| Untracked 
|  54|0x0000000704a00000, 0x0000000704a00000, 0x0000000704b00000|  0%| F|  |TAMS 0x0000000704a00000, 0x0000000704a00000| Untracked 
|  55|0x0000000704b00000, 0x0000000704b00000, 0x0000000704c00000|  0%| F|  |TAMS 0x0000000704b00000, 0x0000000704b00000| Untracked 
|  56|0x0000000704c00000, 0x0000000704c00000, 0x0000000704d00000|  0%| F|  |TAMS 0x0000000704c00000, 0x0000000704c00000| Untracked 
|  57|0x0000000704d00000, 0x0000000704d00000, 0x0000000704e00000|  0%| F|  |TAMS 0x0000000704d00000, 0x0000000704d00000| Untracked 
|  58|0x0000000704e00000, 0x0000000704e00000, 0x0000000704f00000|  0%| F|  |TAMS 0x0000000704e00000, 0x0000000704e00000| Untracked 
|  59|0x0000000704f00000, 0x0000000704f00000, 0x0000000705000000|  0%| F|  |TAMS 0x0000000704f00000, 0x0000000704f00000| Untracked 
|  60|0x0000000705000000, 0x0000000705000000, 0x0000000705100000|  0%| F|  |TAMS 0x0000000705000000, 0x0000000705000000| Untracked 
|  61|0x0000000705100000, 0x0000000705100000, 0x0000000705200000|  0%| F|  |TAMS 0x0000000705100000, 0x0000000705100000| Untracked 
|  62|0x0000000705200000, 0x0000000705200000, 0x0000000705300000|  0%| F|  |TAMS 0x0000000705200000, 0x0000000705200000| Untracked 
|  63|0x0000000705300000, 0x0000000705300000, 0x0000000705400000|  0%| F|  |TAMS 0x0000000705300000, 0x0000000705300000| Untracked 
|  64|0x0000000705400000, 0x0000000705400000, 0x0000000705500000|  0%| F|  |TAMS 0x0000000705400000, 0x0000000705400000| Untracked 
|  65|0x0000000705500000, 0x0000000705500000, 0x0000000705600000|  0%| F|  |TAMS 0x0000000705500000, 0x0000000705500000| Untracked 
|  66|0x0000000705600000, 0x0000000705600000, 0x0000000705700000|  0%| F|  |TAMS 0x0000000705600000, 0x0000000705600000| Untracked 
|  67|0x0000000705700000, 0x0000000705700000, 0x0000000705800000|  0%| F|  |TAMS 0x0000000705700000, 0x0000000705700000| Untracked 
|  68|0x0000000705800000, 0x0000000705800000, 0x0000000705900000|  0%| F|  |TAMS 0x0000000705800000, 0x0000000705800000| Untracked 
|  69|0x0000000705900000, 0x0000000705900000, 0x0000000705a00000|  0%| F|  |TAMS 0x0000000705900000, 0x0000000705900000| Untracked 
|  70|0x0000000705a00000, 0x0000000705a00000, 0x0000000705b00000|  0%| F|  |TAMS 0x0000000705a00000, 0x0000000705a00000| Untracked 
|  71|0x0000000705b00000, 0x0000000705b00000, 0x0000000705c00000|  0%| F|  |TAMS 0x0000000705b00000, 0x0000000705b00000| Untracked 
|  72|0x0000000705c00000, 0x0000000705c00000, 0x0000000705d00000|  0%| F|  |TAMS 0x0000000705c00000, 0x0000000705c00000| Untracked 
|  73|0x0000000705d00000, 0x0000000705d00000, 0x0000000705e00000|  0%| F|  |TAMS 0x0000000705d00000, 0x0000000705d00000| Untracked 
|  74|0x0000000705e00000, 0x0000000705e00000, 0x0000000705f00000|  0%| F|  |TAMS 0x0000000705e00000, 0x0000000705e00000| Untracked 
|  75|0x0000000705f00000, 0x0000000705f00000, 0x0000000706000000|  0%| F|  |TAMS 0x0000000705f00000, 0x0000000705f00000| Untracked 
|  76|0x0000000706000000, 0x0000000706000000, 0x0000000706100000|  0%| F|  |TAMS 0x0000000706000000, 0x0000000706000000| Untracked 
|  77|0x0000000706100000, 0x0000000706100000, 0x0000000706200000|  0%| F|  |TAMS 0x0000000706100000, 0x0000000706100000| Untracked 
|  78|0x0000000706200000, 0x0000000706200000, 0x0000000706300000|  0%| F|  |TAMS 0x0000000706200000, 0x0000000706200000| Untracked 
|  79|0x0000000706300000, 0x0000000706300000, 0x0000000706400000|  0%| F|  |TAMS 0x0000000706300000, 0x0000000706300000| Untracked 
|  80|0x0000000706400000, 0x0000000706400000, 0x0000000706500000|  0%| F|  |TAMS 0x0000000706400000, 0x0000000706400000| Untracked 
|  81|0x0000000706500000, 0x0000000706500000, 0x0000000706600000|  0%| F|  |TAMS 0x0000000706500000, 0x0000000706500000| Untracked 
|  82|0x0000000706600000, 0x0000000706600000, 0x0000000706700000|  0%| F|  |TAMS 0x0000000706600000, 0x0000000706600000| Untracked 
|  83|0x0000000706700000, 0x0000000706700000, 0x0000000706800000|  0%| F|  |TAMS 0x0000000706700000, 0x0000000706700000| Untracked 
|  84|0x0000000706800000, 0x0000000706800000, 0x0000000706900000|  0%| F|  |TAMS 0x0000000706800000, 0x0000000706800000| Untracked 
|  85|0x0000000706900000, 0x0000000706900000, 0x0000000706a00000|  0%| F|  |TAMS 0x0000000706900000, 0x0000000706900000| Untracked 
|  86|0x0000000706a00000, 0x0000000706a00000, 0x0000000706b00000|  0%| F|  |TAMS 0x0000000706a00000, 0x0000000706a00000| Untracked 
|  87|0x0000000706b00000, 0x0000000706b00000, 0x0000000706c00000|  0%| F|  |TAMS 0x0000000706b00000, 0x0000000706b00000| Untracked 
|  88|0x0000000706c00000, 0x0000000706c00000, 0x0000000706d00000|  0%| F|  |TAMS 0x0000000706c00000, 0x0000000706c00000| Untracked 
|  89|0x0000000706d00000, 0x0000000706d00000, 0x0000000706e00000|  0%| F|  |TAMS 0x0000000706d00000, 0x0000000706d00000| Untracked 
|  90|0x0000000706e00000, 0x0000000706e00000, 0x0000000706f00000|  0%| F|  |TAMS 0x0000000706e00000, 0x0000000706e00000| Untracked 
|  91|0x0000000706f00000, 0x0000000706f00000, 0x0000000707000000|  0%| F|  |TAMS 0x0000000706f00000, 0x0000000706f00000| Untracked 
|  92|0x0000000707000000, 0x0000000707000000, 0x0000000707100000|  0%| F|  |TAMS 0x0000000707000000, 0x0000000707000000| Untracked 
|  93|0x0000000707100000, 0x0000000707100000, 0x0000000707200000|  0%| F|  |TAMS 0x0000000707100000, 0x0000000707100000| Untracked 
|  94|0x0000000707200000, 0x0000000707200000, 0x0000000707300000|  0%| F|  |TAMS 0x0000000707200000, 0x0000000707200000| Untracked 
|  95|0x0000000707300000, 0x0000000707300000, 0x0000000707400000|  0%| F|  |TAMS 0x0000000707300000, 0x0000000707300000| Untracked 
|  96|0x0000000707400000, 0x0000000707400000, 0x0000000707500000|  0%| F|  |TAMS 0x0000000707400000, 0x0000000707400000| Untracked 
|  97|0x0000000707500000, 0x0000000707500000, 0x0000000707600000|  0%| F|  |TAMS 0x0000000707500000, 0x0000000707500000| Untracked 
|  98|0x0000000707600000, 0x0000000707600000, 0x0000000707700000|  0%| F|  |TAMS 0x0000000707600000, 0x0000000707600000| Untracked 
|  99|0x0000000707700000, 0x0000000707700000, 0x0000000707800000|  0%| F|  |TAMS 0x0000000707700000, 0x0000000707700000| Untracked 
| 100|0x0000000707800000, 0x0000000707800000, 0x0000000707900000|  0%| F|  |TAMS 0x0000000707800000, 0x0000000707800000| Untracked 
| 101|0x0000000707900000, 0x0000000707900000, 0x0000000707a00000|  0%| F|  |TAMS 0x0000000707900000, 0x0000000707900000| Untracked 
| 102|0x0000000707a00000, 0x0000000707a00000, 0x0000000707b00000|  0%| F|  |TAMS 0x0000000707a00000, 0x0000000707a00000| Untracked 
| 103|0x0000000707b00000, 0x0000000707b00000, 0x0000000707c00000|  0%| F|  |TAMS 0x0000000707b00000, 0x0000000707b00000| Untracked 
| 104|0x0000000707c00000, 0x0000000707c00000, 0x0000000707d00000|  0%| F|  |TAMS 0x0000000707c00000, 0x0000000707c00000| Untracked 
| 105|0x0000000707d00000, 0x0000000707d00000, 0x0000000707e00000|  0%| F|  |TAMS 0x0000000707d00000, 0x0000000707d00000| Untracked 
| 106|0x0000000707e00000, 0x0000000707e00000, 0x0000000707f00000|  0%| F|  |TAMS 0x0000000707e00000, 0x0000000707e00000| Untracked 
| 107|0x0000000707f00000, 0x0000000707f00000, 0x0000000708000000|  0%| F|  |TAMS 0x0000000707f00000, 0x0000000707f00000| Untracked 
| 108|0x0000000708000000, 0x0000000708000000, 0x0000000708100000|  0%| F|  |TAMS 0x0000000708000000, 0x0000000708000000| Untracked 
| 109|0x0000000708100000, 0x0000000708100000, 0x0000000708200000|  0%| F|  |TAMS 0x0000000708100000, 0x0000000708100000| Untracked 
| 110|0x0000000708200000, 0x0000000708200000, 0x0000000708300000|  0%| F|  |TAMS 0x0000000708200000, 0x0000000708200000| Untracked 
| 111|0x0000000708300000, 0x0000000708300000, 0x0000000708400000|  0%| F|  |TAMS 0x0000000708300000, 0x0000000708300000| Untracked 
| 112|0x0000000708400000, 0x0000000708400000, 0x0000000708500000|  0%| F|  |TAMS 0x0000000708400000, 0x0000000708400000| Untracked 
| 113|0x0000000708500000, 0x0000000708500000, 0x0000000708600000|  0%| F|  |TAMS 0x0000000708500000, 0x0000000708500000| Untracked 
| 114|0x0000000708600000, 0x0000000708600000, 0x0000000708700000|  0%| F|  |TAMS 0x0000000708600000, 0x0000000708600000| Untracked 
| 115|0x0000000708700000, 0x0000000708700000, 0x0000000708800000|  0%| F|  |TAMS 0x0000000708700000, 0x0000000708700000| Untracked 
| 116|0x0000000708800000, 0x0000000708800000, 0x0000000708900000|  0%| F|  |TAMS 0x0000000708800000, 0x0000000708800000| Untracked 
| 117|0x0000000708900000, 0x0000000708900000, 0x0000000708a00000|  0%| F|  |TAMS 0x0000000708900000, 0x0000000708900000| Untracked 
| 118|0x0000000708a00000, 0x0000000708a00000, 0x0000000708b00000|  0%| F|  |TAMS 0x0000000708a00000, 0x0000000708a00000| Untracked 
| 119|0x0000000708b00000, 0x0000000708b00000, 0x0000000708c00000|  0%| F|  |TAMS 0x0000000708b00000, 0x0000000708b00000| Untracked 
| 120|0x0000000708c00000, 0x0000000708c00000, 0x0000000708d00000|  0%| F|  |TAMS 0x0000000708c00000, 0x0000000708c00000| Untracked 
| 121|0x0000000708d00000, 0x0000000708d00000, 0x0000000708e00000|  0%| F|  |TAMS 0x0000000708d00000, 0x0000000708d00000| Untracked 
| 122|0x0000000708e00000, 0x0000000708e00000, 0x0000000708f00000|  0%| F|  |TAMS 0x0000000708e00000, 0x0000000708e00000| Untracked 
| 123|0x0000000708f00000, 0x0000000708f00000, 0x0000000709000000|  0%| F|  |TAMS 0x0000000708f00000, 0x0000000708f00000| Untracked 
| 124|0x0000000709000000, 0x0000000709000000, 0x0000000709100000|  0%| F|  |TAMS 0x0000000709000000, 0x0000000709000000| Untracked 
| 125|0x0000000709100000, 0x0000000709100000, 0x0000000709200000|  0%| F|  |TAMS 0x0000000709100000, 0x0000000709100000| Untracked 
| 126|0x0000000709200000, 0x0000000709200000, 0x0000000709300000|  0%| F|  |TAMS 0x0000000709200000, 0x0000000709200000| Untracked 
| 127|0x0000000709300000, 0x0000000709300000, 0x0000000709400000|  0%| F|  |TAMS 0x0000000709300000, 0x0000000709300000| Untracked 
| 128|0x0000000709400000, 0x0000000709400000, 0x0000000709500000|  0%| F|  |TAMS 0x0000000709400000, 0x0000000709400000| Untracked 
| 129|0x0000000709500000, 0x0000000709500000, 0x0000000709600000|  0%| F|  |TAMS 0x0000000709500000, 0x0000000709500000| Untracked 
| 130|0x0000000709600000, 0x0000000709600000, 0x0000000709700000|  0%| F|  |TAMS 0x0000000709600000, 0x0000000709600000| Untracked 
| 131|0x0000000709700000, 0x0000000709700000, 0x0000000709800000|  0%| F|  |TAMS 0x0000000709700000, 0x0000000709700000| Untracked 
| 132|0x0000000709800000, 0x0000000709800000, 0x0000000709900000|  0%| F|  |TAMS 0x0000000709800000, 0x0000000709800000| Untracked 
| 133|0x0000000709900000, 0x0000000709900000, 0x0000000709a00000|  0%| F|  |TAMS 0x0000000709900000, 0x0000000709900000| Untracked 
| 134|0x0000000709a00000, 0x0000000709a00000, 0x0000000709b00000|  0%| F|  |TAMS 0x0000000709a00000, 0x0000000709a00000| Untracked 
| 135|0x0000000709b00000, 0x0000000709b00000, 0x0000000709c00000|  0%| F|  |TAMS 0x0000000709b00000, 0x0000000709b00000| Untracked 
| 136|0x0000000709c00000, 0x0000000709c00000, 0x0000000709d00000|  0%| F|  |TAMS 0x0000000709c00000, 0x0000000709c00000| Untracked 
| 137|0x0000000709d00000, 0x0000000709d00000, 0x0000000709e00000|  0%| F|  |TAMS 0x0000000709d00000, 0x0000000709d00000| Untracked 
| 138|0x0000000709e00000, 0x0000000709e00000, 0x0000000709f00000|  0%| F|  |TAMS 0x0000000709e00000, 0x0000000709e00000| Untracked 
| 139|0x0000000709f00000, 0x0000000709f00000, 0x000000070a000000|  0%| F|  |TAMS 0x0000000709f00000, 0x0000000709f00000| Untracked 
| 140|0x000000070a000000, 0x000000070a000000, 0x000000070a100000|  0%| F|  |TAMS 0x000000070a000000, 0x000000070a000000| Untracked 
| 141|0x000000070a100000, 0x000000070a100000, 0x000000070a200000|  0%| F|  |TAMS 0x000000070a100000, 0x000000070a100000| Untracked 
| 142|0x000000070a200000, 0x000000070a200000, 0x000000070a300000|  0%| F|  |TAMS 0x000000070a200000, 0x000000070a200000| Untracked 
| 143|0x000000070a300000, 0x000000070a300000, 0x000000070a400000|  0%| F|  |TAMS 0x000000070a300000, 0x000000070a300000| Untracked 
| 144|0x000000070a400000, 0x000000070a400000, 0x000000070a500000|  0%| F|  |TAMS 0x000000070a400000, 0x000000070a400000| Untracked 
| 145|0x000000070a500000, 0x000000070a500000, 0x000000070a600000|  0%| F|  |TAMS 0x000000070a500000, 0x000000070a500000| Untracked 
| 146|0x000000070a600000, 0x000000070a600000, 0x000000070a700000|  0%| F|  |TAMS 0x000000070a600000, 0x000000070a600000| Untracked 
| 147|0x000000070a700000, 0x000000070a700000, 0x000000070a800000|  0%| F|  |TAMS 0x000000070a700000, 0x000000070a700000| Untracked 
| 148|0x000000070a800000, 0x000000070a800000, 0x000000070a900000|  0%| F|  |TAMS 0x000000070a800000, 0x000000070a800000| Untracked 
| 149|0x000000070a900000, 0x000000070a900000, 0x000000070aa00000|  0%| F|  |TAMS 0x000000070a900000, 0x000000070a900000| Untracked 
| 150|0x000000070aa00000, 0x000000070aa00000, 0x000000070ab00000|  0%| F|  |TAMS 0x000000070aa00000, 0x000000070aa00000| Untracked 
| 151|0x000000070ab00000, 0x000000070ab00000, 0x000000070ac00000|  0%| F|  |TAMS 0x000000070ab00000, 0x000000070ab00000| Untracked 
| 152|0x000000070ac00000, 0x000000070ac00000, 0x000000070ad00000|  0%| F|  |TAMS 0x000000070ac00000, 0x000000070ac00000| Untracked 
| 153|0x000000070ad00000, 0x000000070ad00000, 0x000000070ae00000|  0%| F|  |TAMS 0x000000070ad00000, 0x000000070ad00000| Untracked 
| 154|0x000000070ae00000, 0x000000070ae00000, 0x000000070af00000|  0%| F|  |TAMS 0x000000070ae00000, 0x000000070ae00000| Untracked 
| 155|0x000000070af00000, 0x000000070af00000, 0x000000070b000000|  0%| F|  |TAMS 0x000000070af00000, 0x000000070af00000| Untracked 
| 156|0x000000070b000000, 0x000000070b000000, 0x000000070b100000|  0%| F|  |TAMS 0x000000070b000000, 0x000000070b000000| Untracked 
| 157|0x000000070b100000, 0x000000070b100000, 0x000000070b200000|  0%| F|  |TAMS 0x000000070b100000, 0x000000070b100000| Untracked 
| 158|0x000000070b200000, 0x000000070b200000, 0x000000070b300000|  0%| F|  |TAMS 0x000000070b200000, 0x000000070b200000| Untracked 
| 159|0x000000070b300000, 0x000000070b300000, 0x000000070b400000|  0%| F|  |TAMS 0x000000070b300000, 0x000000070b300000| Untracked 
| 160|0x000000070b400000, 0x000000070b400000, 0x000000070b500000|  0%| F|  |TAMS 0x000000070b400000, 0x000000070b400000| Untracked 
| 161|0x000000070b500000, 0x000000070b500000, 0x000000070b600000|  0%| F|  |TAMS 0x000000070b500000, 0x000000070b500000| Untracked 
| 162|0x000000070b600000, 0x000000070b600000, 0x000000070b700000|  0%| F|  |TAMS 0x000000070b600000, 0x000000070b600000| Untracked 
| 163|0x000000070b700000, 0x000000070b700000, 0x000000070b800000|  0%| F|  |TAMS 0x000000070b700000, 0x000000070b700000| Untracked 
| 164|0x000000070b800000, 0x000000070b800000, 0x000000070b900000|  0%| F|  |TAMS 0x000000070b800000, 0x000000070b800000| Untracked 
| 165|0x000000070b900000, 0x000000070b900000, 0x000000070ba00000|  0%| F|  |TAMS 0x000000070b900000, 0x000000070b900000| Untracked 
| 166|0x000000070ba00000, 0x000000070ba00000, 0x000000070bb00000|  0%| F|  |TAMS 0x000000070ba00000, 0x000000070ba00000| Untracked 
| 167|0x000000070bb00000, 0x000000070bb00000, 0x000000070bc00000|  0%| F|  |TAMS 0x000000070bb00000, 0x000000070bb00000| Untracked 
| 168|0x000000070bc00000, 0x000000070bd00000, 0x000000070bd00000|100%| E|  |TAMS 0x000000070bc00000, 0x000000070bc00000| Complete 
| 169|0x000000070bd00000, 0x000000070be00000, 0x000000070be00000|100%| E|CS|TAMS 0x000000070bd00000, 0x000000070bd00000| Complete 
| 170|0x000000070be00000, 0x000000070bf00000, 0x000000070bf00000|100%| E|CS|TAMS 0x000000070be00000, 0x000000070be00000| Complete 
| 171|0x000000070bf00000, 0x000000070c000000, 0x000000070c000000|100%| E|CS|TAMS 0x000000070bf00000, 0x000000070bf00000| Complete 
| 172|0x000000070c000000, 0x000000070c100000, 0x000000070c100000|100%| E|CS|TAMS 0x000000070c000000, 0x000000070c000000| Complete 
| 173|0x000000070c100000, 0x000000070c200000, 0x000000070c200000|100%| E|CS|TAMS 0x000000070c100000, 0x000000070c100000| Complete 
| 174|0x000000070c200000, 0x000000070c300000, 0x000000070c300000|100%| E|CS|TAMS 0x000000070c200000, 0x000000070c200000| Complete 
| 175|0x000000070c300000, 0x000000070c400000, 0x000000070c400000|100%| E|CS|TAMS 0x000000070c300000, 0x000000070c300000| Complete 
| 176|0x000000070c400000, 0x000000070c500000, 0x000000070c500000|100%| E|CS|TAMS 0x000000070c400000, 0x000000070c400000| Complete 
| 177|0x000000070c500000, 0x000000070c600000, 0x000000070c600000|100%| E|CS|TAMS 0x000000070c500000, 0x000000070c500000| Complete 
| 178|0x000000070c600000, 0x000000070c700000, 0x000000070c700000|100%| E|CS|TAMS 0x000000070c600000, 0x000000070c600000| Complete 
| 179|0x000000070c700000, 0x000000070c800000, 0x000000070c800000|100%| E|CS|TAMS 0x000000070c700000, 0x000000070c700000| Complete 
| 180|0x000000070c800000, 0x000000070c900000, 0x000000070c900000|100%| E|CS|TAMS 0x000000070c800000, 0x000000070c800000| Complete 
| 181|0x000000070c900000, 0x000000070ca00000, 0x000000070ca00000|100%| E|CS|TAMS 0x000000070c900000, 0x000000070c900000| Complete 
| 182|0x000000070ca00000, 0x000000070cb00000, 0x000000070cb00000|100%| E|CS|TAMS 0x000000070ca00000, 0x000000070ca00000| Complete 
| 183|0x000000070cb00000, 0x000000070cc00000, 0x000000070cc00000|100%| E|CS|TAMS 0x000000070cb00000, 0x000000070cb00000| Complete 
| 184|0x000000070cc00000, 0x000000070cd00000, 0x000000070cd00000|100%| E|CS|TAMS 0x000000070cc00000, 0x000000070cc00000| Complete 
| 185|0x000000070cd00000, 0x000000070ce00000, 0x000000070ce00000|100%| E|CS|TAMS 0x000000070cd00000, 0x000000070cd00000| Complete 
| 186|0x000000070ce00000, 0x000000070cf00000, 0x000000070cf00000|100%| E|CS|TAMS 0x000000070ce00000, 0x000000070ce00000| Complete 
| 187|0x000000070cf00000, 0x000000070d000000, 0x000000070d000000|100%| E|CS|TAMS 0x000000070cf00000, 0x000000070cf00000| Complete 
| 188|0x000000070d000000, 0x000000070d100000, 0x000000070d100000|100%| E|CS|TAMS 0x000000070d000000, 0x000000070d000000| Complete 
| 189|0x000000070d100000, 0x000000070d200000, 0x000000070d200000|100%| E|CS|TAMS 0x000000070d100000, 0x000000070d100000| Complete 
| 190|0x000000070d200000, 0x000000070d300000, 0x000000070d300000|100%| E|CS|TAMS 0x000000070d200000, 0x000000070d200000| Complete 
| 191|0x000000070d300000, 0x000000070d400000, 0x000000070d400000|100%| E|CS|TAMS 0x000000070d300000, 0x000000070d300000| Complete 
| 192|0x000000070d400000, 0x000000070d500000, 0x000000070d500000|100%| E|CS|TAMS 0x000000070d400000, 0x000000070d400000| Complete 
| 193|0x000000070d500000, 0x000000070d600000, 0x000000070d600000|100%| E|CS|TAMS 0x000000070d500000, 0x000000070d500000| Complete 
| 194|0x000000070d600000, 0x000000070d700000, 0x000000070d700000|100%| E|CS|TAMS 0x000000070d600000, 0x000000070d600000| Complete 
| 195|0x000000070d700000, 0x000000070d800000, 0x000000070d800000|100%| E|CS|TAMS 0x000000070d700000, 0x000000070d700000| Complete 
| 196|0x000000070d800000, 0x000000070d900000, 0x000000070d900000|100%| E|CS|TAMS 0x000000070d800000, 0x000000070d800000| Complete 
| 197|0x000000070d900000, 0x000000070da00000, 0x000000070da00000|100%| E|CS|TAMS 0x000000070d900000, 0x000000070d900000| Complete 
| 198|0x000000070da00000, 0x000000070db00000, 0x000000070db00000|100%| E|CS|TAMS 0x000000070da00000, 0x000000070da00000| Complete 
| 199|0x000000070db00000, 0x000000070dc00000, 0x000000070dc00000|100%| E|CS|TAMS 0x000000070db00000, 0x000000070db00000| Complete 
| 200|0x000000070dc00000, 0x000000070dd00000, 0x000000070dd00000|100%| E|CS|TAMS 0x000000070dc00000, 0x000000070dc00000| Complete 
| 201|0x000000070dd00000, 0x000000070de00000, 0x000000070de00000|100%| E|CS|TAMS 0x000000070dd00000, 0x000000070dd00000| Complete 
| 202|0x000000070de00000, 0x000000070df00000, 0x000000070df00000|100%| E|CS|TAMS 0x000000070de00000, 0x000000070de00000| Complete 
| 203|0x000000070df00000, 0x000000070e000000, 0x000000070e000000|100%| E|CS|TAMS 0x000000070df00000, 0x000000070df00000| Complete 
| 204|0x000000070e000000, 0x000000070e100000, 0x000000070e100000|100%| E|CS|TAMS 0x000000070e000000, 0x000000070e000000| Complete 
| 205|0x000000070e100000, 0x000000070e200000, 0x000000070e200000|100%| E|CS|TAMS 0x000000070e100000, 0x000000070e100000| Complete 
| 206|0x000000070e200000, 0x000000070e300000, 0x000000070e300000|100%| E|CS|TAMS 0x000000070e200000, 0x000000070e200000| Complete 
| 207|0x000000070e300000, 0x000000070e400000, 0x000000070e400000|100%| E|CS|TAMS 0x000000070e300000, 0x000000070e300000| Complete 
| 208|0x000000070e400000, 0x000000070e500000, 0x000000070e500000|100%| E|CS|TAMS 0x000000070e400000, 0x000000070e400000| Complete 
| 209|0x000000070e500000, 0x000000070e600000, 0x000000070e600000|100%| E|CS|TAMS 0x000000070e500000, 0x000000070e500000| Complete 
| 210|0x000000070e600000, 0x000000070e700000, 0x000000070e700000|100%| E|CS|TAMS 0x000000070e600000, 0x000000070e600000| Complete 
| 211|0x000000070e700000, 0x000000070e800000, 0x000000070e800000|100%| E|CS|TAMS 0x000000070e700000, 0x000000070e700000| Complete 
| 212|0x000000070e800000, 0x000000070e900000, 0x000000070e900000|100%| E|CS|TAMS 0x000000070e800000, 0x000000070e800000| Complete 
| 213|0x000000070e900000, 0x000000070ea00000, 0x000000070ea00000|100%| E|CS|TAMS 0x000000070e900000, 0x000000070e900000| Complete 
| 214|0x000000070ea00000, 0x000000070eb00000, 0x000000070eb00000|100%| E|CS|TAMS 0x000000070ea00000, 0x000000070ea00000| Complete 
| 215|0x000000070eb00000, 0x000000070ec00000, 0x000000070ec00000|100%| E|CS|TAMS 0x000000070eb00000, 0x000000070eb00000| Complete 
| 216|0x000000070ec00000, 0x000000070ed00000, 0x000000070ed00000|100%| E|CS|TAMS 0x000000070ec00000, 0x000000070ec00000| Complete 
| 217|0x000000070ed00000, 0x000000070ee00000, 0x000000070ee00000|100%| E|CS|TAMS 0x000000070ed00000, 0x000000070ed00000| Complete 
| 218|0x000000070ee00000, 0x000000070ef00000, 0x000000070ef00000|100%| E|CS|TAMS 0x000000070ee00000, 0x000000070ee00000| Complete 
| 219|0x000000070ef00000, 0x000000070f000000, 0x000000070f000000|100%| E|CS|TAMS 0x000000070ef00000, 0x000000070ef00000| Complete 
| 220|0x000000070f000000, 0x000000070f100000, 0x000000070f100000|100%| E|CS|TAMS 0x000000070f000000, 0x000000070f000000| Complete 
| 221|0x000000070f100000, 0x000000070f200000, 0x000000070f200000|100%| E|CS|TAMS 0x000000070f100000, 0x000000070f100000| Complete 
| 222|0x000000070f200000, 0x000000070f300000, 0x000000070f300000|100%| E|CS|TAMS 0x000000070f200000, 0x000000070f200000| Complete 
| 223|0x000000070f300000, 0x000000070f400000, 0x000000070f400000|100%| E|CS|TAMS 0x000000070f300000, 0x000000070f300000| Complete 
| 224|0x000000070f400000, 0x000000070f500000, 0x000000070f500000|100%| E|CS|TAMS 0x000000070f400000, 0x000000070f400000| Complete 
| 225|0x000000070f500000, 0x000000070f600000, 0x000000070f600000|100%| E|CS|TAMS 0x000000070f500000, 0x000000070f500000| Complete 
| 226|0x000000070f600000, 0x000000070f700000, 0x000000070f700000|100%| E|CS|TAMS 0x000000070f600000, 0x000000070f600000| Complete 
| 227|0x000000070f700000, 0x000000070f800000, 0x000000070f800000|100%| E|CS|TAMS 0x000000070f700000, 0x000000070f700000| Complete 
| 228|0x000000070f800000, 0x000000070f900000, 0x000000070f900000|100%| E|CS|TAMS 0x000000070f800000, 0x000000070f800000| Complete 
| 229|0x000000070f900000, 0x000000070f953970, 0x000000070fa00000| 32%| S|CS|TAMS 0x000000070f900000, 0x000000070f900000| Complete 
| 230|0x000000070fa00000, 0x000000070fb00000, 0x000000070fb00000|100%| S|CS|TAMS 0x000000070fa00000, 0x000000070fa00000| Complete 
| 231|0x000000070fb00000, 0x000000070fc00000, 0x000000070fc00000|100%| S|CS|TAMS 0x000000070fb00000, 0x000000070fb00000| Complete 
| 232|0x000000070fc00000, 0x000000070fd00000, 0x000000070fd00000|100%| E|CS|TAMS 0x000000070fc00000, 0x000000070fc00000| Complete 
| 233|0x000000070fd00000, 0x000000070fe00000, 0x000000070fe00000|100%| E|CS|TAMS 0x000000070fd00000, 0x000000070fd00000| Complete 
| 234|0x000000070fe00000, 0x000000070ff00000, 0x000000070ff00000|100%| E|CS|TAMS 0x000000070fe00000, 0x000000070fe00000| Complete 
| 235|0x000000070ff00000, 0x0000000710000000, 0x0000000710000000|100%| E|CS|TAMS 0x000000070ff00000, 0x000000070ff00000| Complete 
| 236|0x0000000710000000, 0x0000000710100000, 0x0000000710100000|100%| E|CS|TAMS 0x0000000710000000, 0x0000000710000000| Complete 
| 237|0x0000000710100000, 0x0000000710200000, 0x0000000710200000|100%| E|CS|TAMS 0x0000000710100000, 0x0000000710100000| Complete 
| 238|0x0000000710200000, 0x0000000710300000, 0x0000000710300000|100%| E|CS|TAMS 0x0000000710200000, 0x0000000710200000| Complete 
| 239|0x0000000710300000, 0x0000000710400000, 0x0000000710400000|100%| E|CS|TAMS 0x0000000710300000, 0x0000000710300000| Complete 
| 240|0x0000000710400000, 0x0000000710500000, 0x0000000710500000|100%| E|CS|TAMS 0x0000000710400000, 0x0000000710400000| Complete 
| 241|0x0000000710500000, 0x0000000710600000, 0x0000000710600000|100%| E|CS|TAMS 0x0000000710500000, 0x0000000710500000| Complete 
| 242|0x0000000710600000, 0x0000000710700000, 0x0000000710700000|100%| E|CS|TAMS 0x0000000710600000, 0x0000000710600000| Complete 
| 243|0x0000000710700000, 0x0000000710800000, 0x0000000710800000|100%| E|CS|TAMS 0x0000000710700000, 0x0000000710700000| Complete 
| 244|0x0000000710800000, 0x0000000710900000, 0x0000000710900000|100%| E|CS|TAMS 0x0000000710800000, 0x0000000710800000| Complete 
| 245|0x0000000710900000, 0x0000000710a00000, 0x0000000710a00000|100%| E|CS|TAMS 0x0000000710900000, 0x0000000710900000| Complete 
| 246|0x0000000710a00000, 0x0000000710b00000, 0x0000000710b00000|100%| E|CS|TAMS 0x0000000710a00000, 0x0000000710a00000| Complete 
| 247|0x0000000710b00000, 0x0000000710c00000, 0x0000000710c00000|100%| E|CS|TAMS 0x0000000710b00000, 0x0000000710b00000| Complete 
| 248|0x0000000710c00000, 0x0000000710d00000, 0x0000000710d00000|100%| E|CS|TAMS 0x0000000710c00000, 0x0000000710c00000| Complete 
| 249|0x0000000710d00000, 0x0000000710e00000, 0x0000000710e00000|100%| E|CS|TAMS 0x0000000710d00000, 0x0000000710d00000| Complete 
| 250|0x0000000710e00000, 0x0000000710f00000, 0x0000000710f00000|100%| E|CS|TAMS 0x0000000710e00000, 0x0000000710e00000| Complete 
| 251|0x0000000710f00000, 0x0000000711000000, 0x0000000711000000|100%| E|CS|TAMS 0x0000000710f00000, 0x0000000710f00000| Complete 
| 252|0x0000000711000000, 0x0000000711100000, 0x0000000711100000|100%| E|CS|TAMS 0x0000000711000000, 0x0000000711000000| Complete 
| 253|0x0000000711100000, 0x0000000711200000, 0x0000000711200000|100%| E|CS|TAMS 0x0000000711100000, 0x0000000711100000| Complete 
| 254|0x0000000711200000, 0x0000000711300000, 0x0000000711300000|100%| E|CS|TAMS 0x0000000711200000, 0x0000000711200000| Complete 
| 255|0x0000000711300000, 0x0000000711400000, 0x0000000711400000|100%| E|CS|TAMS 0x0000000711300000, 0x0000000711300000| Complete 

Card table byte_map: [0x00000209c3a80000,0x00000209c4280000] _byte_map_base: 0x00000209c0276000

Marking Bits (Prev, Next): (CMBitMap*) 0x00000209b039dc28, (CMBitMap*) 0x00000209b039dc60
 Prev Bits: [0x00000209c4a80000, 0x00000209c8a30000)
 Next Bits: [0x00000209c8a30000, 0x00000209cc9e0000)

Polling page: 0x00000209ae280000

Metaspace:

Usage:
  Non-class:     14.36 MB capacity,    14.21 MB ( 99%) used,   127.60 KB ( <1%) free+waste,    29.06 KB ( <1%) overhead. 
      Class:      1.15 MB capacity,     1.06 MB ( 92%) used,    84.02 KB (  7%) free+waste,    12.38 KB (  1%) overhead. 
       Both:     15.52 MB capacity,    15.27 MB ( 98%) used,   211.63 KB (  1%) free+waste,    41.44 KB ( <1%) overhead. 

Virtual space:
  Non-class space:       16.00 MB reserved,      14.50 MB ( 91%) committed 
      Class space:        1.00 GB reserved,       1.25 MB ( <1%) committed 
             Both:        1.02 GB reserved,      15.75 MB (  2%) committed 

Chunk freelists:
   Non-Class:  11.00 KB
       Class:  5.00 KB
        Both:  16.00 KB

MaxMetaspaceSize: 17179869184.00 GB
CompressedClassSpaceSize: 1.00 GB

CodeHeap 'non-profiled nmethods': size=120000Kb used=529Kb max_used=529Kb free=119470Kb
 bounds [0x00000209bba20000, 0x00000209bbc90000, 0x00000209c2f50000]
CodeHeap 'profiled nmethods': size=120000Kb used=2128Kb max_used=2128Kb free=117871Kb
 bounds [0x00000209b44f0000, 0x00000209b4760000, 0x00000209bba20000]
CodeHeap 'non-nmethods': size=5760Kb used=1545Kb max_used=1596Kb free=4214Kb
 bounds [0x00000209b3f50000, 0x00000209b41c0000, 0x00000209b44f0000]
 total_blobs=2376 nmethods=1282 adapters=1006
 compilation: enabled
              stopped_count=0, restarted_count=0
 full_count=0

Compilation events (20 events):
Event: 91.924 Thread 0x00000209cfe7b800 1273       4       org.lwjgl.glfw.GLFW::glfwGetTime (9 bytes)
Event: 91.925 Thread 0x00000209cfe7b800 nmethod 1273 0x00000209bba98f90 code [0x00000209bba99120, 0x00000209bba99188]
Event: 91.925 Thread 0x00000209cfe7b800 1274       4       org.joml.Matrix4f::identity (82 bytes)
Event: 91.927 Thread 0x00000209cfe7b800 nmethod 1274 0x00000209bba99210 code [0x00000209bba993a0, 0x00000209bba99498]
Event: 91.941 Thread 0x00000209cfe7b800 1275       4       Liff.Core.Application::render (18 bytes)
Event: 92.197 Thread 0x00000209cfe7b800 nmethod 1275 0x00000209bba99610 code [0x00000209bba99c00, 0x00000209bba9ca10]
Event: 92.197 Thread 0x00000209cfe7b800 1276       4       Liff.Renderer.Camera::getView (94 bytes)
Event: 92.202 Thread 0x00000209cfe7b800 nmethod 1276 0x00000209bbaa2d10 code [0x00000209bbaa2f20, 0x00000209bbaa3458]
Event: 94.057 Thread 0x00000209cfe7b800 1277       4       org.lwjgl.opengl.GL11::glClear (5 bytes)
Event: 94.057 Thread 0x00000209cfe7b800 nmethod 1277 0x00000209bbaa3710 code [0x00000209bbaa38a0, 0x00000209bbaa3908]
Event: 106.419 Thread 0x00000209cfe7b800 1278       4       java.nio.IntBuffer::flip (7 bytes)
Event: 106.419 Thread 0x00000209cfe7b800 nmethod 1278 0x00000209bbaa3990 code [0x00000209bbaa3b20, 0x00000209bbaa3b98]
Event: 108.984 Thread 0x00000209cfe7b800 1280       4       org.lwjgl.glfw.GLFW::glfwPollEvents (12 bytes)
Event: 108.984 Thread 0x00000209cfe7b800 nmethod 1280 0x00000209bbaa3c10 code [0x00000209bbaa3da0, 0x00000209bbaa3e08]
Event: 108.984 Thread 0x00000209cfe7b800 1281       4       org.lwjgl.opengl.GL11::glClearColor (8 bytes)
Event: 108.985 Thread 0x00000209cfe7b800 nmethod 1281 0x00000209bbaa3e90 code [0x00000209bbaa4020, 0x00000209bbaa4088]
Event: 108.985 Thread 0x00000209cfe7b800 1282       4       org.lwjgl.glfw.GLFW::glfwSwapBuffers (21 bytes)
Event: 108.985 Thread 0x00000209cfe7b800 nmethod 1282 0x00000209bbaa4110 code [0x00000209bbaa42a0, 0x00000209bbaa4348]
Event: 108.985 Thread 0x00000209cfe7b800 1279       4       org.lwjgl.glfw.GLFW::glfwWindowShouldClose (29 bytes)
Event: 108.986 Thread 0x00000209cfe7b800 nmethod 1279 0x00000209bbaa4410 code [0x00000209bbaa45c0, 0x00000209bbaa4668]

GC Heap History (2 events):
Event: 1.536 GC heap before
{Heap before GC invocations=0 (full 0):
 garbage-first heap   total 262144K, used 24576K [0x0000000701400000, 0x0000000800000000)
  region size 1024K, 24 young (24576K), 0 survivors (0K)
 Metaspace       used 14663K, capacity 14960K, committed 14976K, reserved 1062912K
  class space    used 1051K, capacity 1147K, committed 1152K, reserved 1048576K
}
Event: 1.542 GC heap after
{Heap after GC invocations=1 (full 0):
 garbage-first heap   total 262144K, used 2382K [0x0000000701400000, 0x0000000800000000)
  region size 1024K, 3 young (3072K), 3 survivors (3072K)
 Metaspace       used 14663K, capacity 14960K, committed 14976K, reserved 1062912K
  class space    used 1051K, capacity 1147K, committed 1152K, reserved 1048576K
}

Deoptimization events (20 events):
Event: 0.229 Thread 0x00000209b0338800 Uncommon trap: trap_request=0xffffff4d fr.pc=0x00000209bba213b4 relative=0x0000000000000074
Event: 0.229 Thread 0x00000209b0338800 Uncommon trap: reason=unstable_if action=reinterpret pc=0x00000209bba213b4 method=java.lang.String.isLatin1()Z @ 10 c2
Event: 0.229 Thread 0x00000209b0338800 DEOPT PACKING pc=0x00000209bba213b4 sp=0x00000065263fef90
Event: 0.229 Thread 0x00000209b0338800 DEOPT UNPACKING pc=0x00000209b3f77b2f sp=0x00000065263feed0 mode 2
Event: 0.231 Thread 0x00000209b0338800 Uncommon trap: trap_request=0xffffff4d fr.pc=0x00000209bba242a0 relative=0x0000000000000200
Event: 0.231 Thread 0x00000209b0338800 Uncommon trap: reason=unstable_if action=reinterpret pc=0x00000209bba242a0 method=java.lang.String.hashCode()I @ 14 c2
Event: 0.231 Thread 0x00000209b0338800 DEOPT PACKING pc=0x00000209bba242a0 sp=0x00000065263fd860
Event: 0.231 Thread 0x00000209b0338800 DEOPT UNPACKING pc=0x00000209b3f77b2f sp=0x00000065263fd7f8 mode 2
Event: 0.374 Thread 0x00000209b0338800 DEOPT PACKING pc=0x00000209b452bfe8 sp=0x00000065263fce50
Event: 0.374 Thread 0x00000209b0338800 DEOPT UNPACKING pc=0x00000209b3f7794e sp=0x00000065263fc2c0 mode 0
Event: 0.426 Thread 0x00000209b0338800 DEOPT PACKING pc=0x00000209b45351c2 sp=0x00000065263fd940
Event: 0.426 Thread 0x00000209b0338800 DEOPT UNPACKING pc=0x00000209b3f7794e sp=0x00000065263fcda8 mode 0
Event: 0.444 Thread 0x00000209b0338800 Uncommon trap: trap_request=0xffffff4d fr.pc=0x00000209bba35880 relative=0x0000000000000060
Event: 0.444 Thread 0x00000209b0338800 Uncommon trap: reason=unstable_if action=reinterpret pc=0x00000209bba35880 method=java.io.WinNTFileSystem.isSlash(C)Z @ 9 c2
Event: 0.444 Thread 0x00000209b0338800 DEOPT PACKING pc=0x00000209bba35880 sp=0x00000065263fcee0
Event: 0.444 Thread 0x00000209b0338800 DEOPT UNPACKING pc=0x00000209b3f77b2f sp=0x00000065263fce68 mode 2
Event: 6.876 Thread 0x00000209b0338800 DEOPT PACKING pc=0x00000209b46d582f sp=0x00000065263ff140
Event: 6.876 Thread 0x00000209b0338800 DEOPT UNPACKING pc=0x00000209b3f7794e sp=0x00000065263fe7c0 mode 0
Event: 7.359 Thread 0x00000209b0338800 DEOPT PACKING pc=0x00000209b46d582f sp=0x00000065263ff140
Event: 7.359 Thread 0x00000209b0338800 DEOPT UNPACKING pc=0x00000209b3f7794e sp=0x00000065263fe7c0 mode 0

Classes redefined (0 events):
No events

Internal exceptions (20 events):
Event: 0.561 Thread 0x00000209b0338800 Exception <a 'java/security/PrivilegedActionException'{0x0000000710d0bdc8}> (0x0000000710d0bdc8) thrown at [./src/hotspot/share/prims/jvm.cpp, line 1307]
Event: 0.561 Thread 0x00000209b0338800 Exception <a 'java/security/PrivilegedActionException'{0x0000000710d0dbd0}> (0x0000000710d0dbd0) thrown at [./src/hotspot/share/prims/jvm.cpp, line 1307]
Event: 0.561 Thread 0x00000209b0338800 Exception <a 'java/security/PrivilegedActionException'{0x0000000710d0dea0}> (0x0000000710d0dea0) thrown at [./src/hotspot/share/prims/jvm.cpp, line 1307]
Event: 0.586 Thread 0x00000209b0338800 Exception <a 'sun/nio/fs/WindowsException'{0x0000000710dd1138}> (0x0000000710dd1138) thrown at [./src/hotspot/share/prims/jni.cpp, line 616]
Event: 0.586 Thread 0x00000209b0338800 Exception <a 'sun/nio/fs/WindowsException'{0x0000000710dd14b8}> (0x0000000710dd14b8) thrown at [./src/hotspot/share/prims/jni.cpp, line 616]
Event: 0.781 Thread 0x00000209b0338800 Exception <a 'java/lang/NoSuchMethodError'{0x0000000710c5aea8}: 'void java.lang.invoke.DirectMethodHandle$Holder.invokeStaticInit(java.lang.Object, long, double, double)'> (0x0000000710c5aea8) thrown at [./src/hotspot/share/interpreter/linkResolver.cpp, line 779]
Event: 0.784 Thread 0x00000209b0338800 Exception <a 'java/lang/NoSuchMethodError'{0x0000000710c6deb0}: 'void java.lang.invoke.DirectMethodHandle$Holder.invokeStaticInit(java.lang.Object, long, int, int, int)'> (0x0000000710c6deb0) thrown at [./src/hotspot/share/interpreter/linkResolver.cpp, line 779]
Event: 0.791 Thread 0x00000209b0338800 Exception <a 'java/lang/NoSuchMethodError'{0x0000000710c8c740}: 'void java.lang.invoke.DirectMethodHandle$Holder.invokeStaticInit(java.lang.Object, long, int, int, int, int)'> (0x0000000710c8c740) thrown at [./src/hotspot/share/interpreter/linkResolver.cpp, line 779]
Event: 0.806 Thread 0x00000209b0338800 Exception <a 'sun/nio/fs/WindowsException'{0x0000000710cd4668}> (0x0000000710cd4668) thrown at [./src/hotspot/share/prims/jni.cpp, line 616]
Event: 0.806 Thread 0x00000209b0338800 Exception <a 'sun/nio/fs/WindowsException'{0x0000000710cd4a20}> (0x0000000710cd4a20) thrown at [./src/hotspot/share/prims/jni.cpp, line 616]
Event: 0.814 Thread 0x00000209b0338800 Exception <a 'sun/nio/fs/WindowsException'{0x0000000710cef400}> (0x0000000710cef400) thrown at [./src/hotspot/share/prims/jni.cpp, line 616]
Event: 0.814 Thread 0x00000209b0338800 Exception <a 'sun/nio/fs/WindowsException'{0x0000000710cef6f0}> (0x0000000710cef6f0) thrown at [./src/hotspot/share/prims/jni.cpp, line 616]
Event: 1.158 Thread 0x00000209b0338800 Exception <a 'sun/nio/fs/WindowsException'{0x000000071027b228}> (0x000000071027b228) thrown at [./src/hotspot/share/prims/jni.cpp, line 616]
Event: 1.158 Thread 0x00000209b0338800 Exception <a 'sun/nio/fs/WindowsException'{0x000000071027b800}> (0x000000071027b800) thrown at [./src/hotspot/share/prims/jni.cpp, line 616]
Event: 1.394 Thread 0x00000209b0338800 Exception <a 'java/lang/NoSuchMethodError'{0x000000070ffc29e0}: 'java.lang.Object java.lang.invoke.DirectMethodHandle$Holder.invokeStatic(java.lang.Object, java.lang.Object, java.lang.Object, java.lang.Object, java.lang.Object, java.lang.Object, java.lang.Object, java.lang.Object, java.lang.Object, java.lang.Object, java.lang.Object, java.lang.Object, java.lang.Object, java.lang.Object, java.lang.Object)'> (0x000000070ffc29e0) thrown at [./src/hotspot/share/interpreter/linkResolver.cpp, line 779]
Event: 1.397 Thread 0x00000209b0338800 Exception <a 'java/lang/NoSuchMethodError'{0x000000070ffd5b20}: 'java.lang.Object java.lang.invoke.DirectMethodHandle$Holder.invokeStatic(java.lang.Object, java.lang.Object, java.lang.Object, java.lang.Object, java.lang.Object, java.lang.Object, java.lang.Object, java.lang.Object, java.lang.Object, java.lang.Object, java.lang.Object, java.lang.Object, java.lang.Object, java.lang.Object, java.lang.Object, java.lang.Object)'> (0x000000070ffd5b20) thrown at [./src/hotspot/share/interpreter/linkResolver.cpp, l
Event: 1.400 Thread 0x00000209b0338800 Exception <a 'java/lang/NoSuchMethodError'{0x000000070ffe6ca0}: 'java.lang.Object java.lang.invoke.DelegatingMethodHandle$Holder.reinvoke_L(java.lang.Object, java.lang.Object, int, int, int, int, int, int, int, int)'> (0x000000070ffe6ca0) thrown at [./src/hotspot/share/interpreter/linkResolver.cpp, line 779]
Event: 1.410 Thread 0x00000209b0338800 Exception <a 'java/lang/NoSuchMethodError'{0x000000070fe40060}: 'java.lang.Object java.lang.invoke.DirectMethodHandle$Holder.invokeSpecial(java.lang.Object, java.lang.Object, int, int, int, int, int, int, int, int)'> (0x000000070fe40060) thrown at [./src/hotspot/share/interpreter/linkResolver.cpp, line 779]
Event: 1.411 Thread 0x00000209b0338800 Exception <a 'java/lang/NoSuchMethodError'{0x000000070fe43518}: 'java.lang.Object java.lang.invoke.DelegatingMethodHandle$Holder.reinvoke_L(java.lang.Object, int, int, int, int, int, int, int, int)'> (0x000000070fe43518) thrown at [./src/hotspot/share/interpreter/linkResolver.cpp, line 779]
Event: 1.413 Thread 0x00000209b0338800 Exception <a 'java/lang/NoSuchMethodError'{0x000000070fe511f8}: 'java.lang.Object java.lang.invoke.DirectMethodHandle$Holder.invokeStatic(java.lang.Object, java.lang.Object, java.lang.Object, java.lang.Object, java.lang.Object, java.lang.Object, int)'> (0x000000070fe511f8) thrown at [./src/hotspot/share/interpreter/linkResolver.cpp, line 779]

Events (20 events):
Event: 3.265 Loaded shared library C:\Users\PRANTO\AppData\Local\Temp\lwjglPRANTO\3.2.3-build-13\lwjgl_opengl.dll
Event: 4.609 Loaded shared library C:\Users\PRANTO\AppData\Local\Temp\lwjglPRANTO\3.2.3-build-13\lwjgl_opengl.dll
Event: 4.975 Loaded shared library C:\Users\PRANTO\AppData\Local\Temp\lwjglPRANTO\3.2.3-build-13\lwjgl_opengl.dll
Event: 4.991 Loaded shared library C:\Users\PRANTO\AppData\Local\Temp\lwjglPRANTO\3.2.3-build-13\lwjgl_opengl.dll
Event: 5.007 Loaded shared library C:\Users\PRANTO\AppData\Local\Temp\lwjglPRANTO\3.2.3-build-13\lwjgl_opengl.dll
Event: 5.024 Loaded shared library C:\Users\PRANTO\AppData\Local\Temp\lwjglPRANTO\3.2.3-build-13\lwjgl_opengl.dll
Event: 5.041 Loaded shared library C:\Users\PRANTO\AppData\Local\Temp\lwjglPRANTO\3.2.3-build-13\lwjgl_opengl.dll
Event: 5.165 Loaded shared library C:\Users\PRANTO\AppData\Local\Temp\lwjglPRANTO\3.2.3-build-13\lwjgl.dll
Event: 6.498 Loaded shared library C:\Users\PRANTO\AppData\Local\Temp\lwjglPRANTO\3.2.3-build-13\lwjgl.dll
Event: 6.514 Loaded shared library C:\Users\PRANTO\AppData\Local\Temp\lwjglPRANTO\3.2.3-build-13\lwjgl.dll
Event: 6.532 Loaded shared library C:\Users\PRANTO\AppData\Local\Temp\lwjglPRANTO\3.2.3-build-13\lwjgl.dll
Event: 6.538 Loaded shared library C:\Users\PRANTO\AppData\Local\Temp\lwjglPRANTO\3.2.3-build-13\lwjgl.dll
Event: 6.558 Loaded shared library C:\Users\PRANTO\AppData\Local\Temp\lwjglPRANTO\3.2.3-build-13\lwjgl_opengl.dll
Event: 6.576 Loaded shared library C:\Users\PRANTO\AppData\Local\Temp\lwjglPRANTO\3.2.3-build-13\lwjgl_opengl.dll
Event: 8.347 Loaded shared library C:\Users\PRANTO\AppData\Local\Temp\lwjglPRANTO\3.2.3-build-13\lwjgl.dll
Event: 8.707 Loaded shared library C:\Users\PRANTO\AppData\Local\Temp\lwjglPRANTO\3.2.3-build-13\lwjgl_opengl.dll
Event: 8.723 Loaded shared library C:\Users\PRANTO\AppData\Local\Temp\lwjglPRANTO\3.2.3-build-13\lwjgl_opengl.dll
Event: 8.756 Loaded shared library C:\Users\PRANTO\AppData\Local\Temp\lwjglPRANTO\3.2.3-build-13\lwjgl_opengl.dll
Event: 10.896 Loaded shared library C:\Users\PRANTO\AppData\Local\Temp\lwjglPRANTO\3.2.3-build-13\lwjgl.dll
Event: 10.912 Loaded shared library C:\Users\PRANTO\AppData\Local\Temp\lwjglPRANTO\3.2.3-build-13\lwjgl_opengl.dll


Dynamic libraries:
0x00007ff795ba0000 - 0x00007ff795baa000 	C:\Program Files\JetBrains\IntelliJ IDEA Community Edition 2021.1\jbr\bin\java.exe
0x00007ffe73e50000 - 0x00007ffe74045000 	C:\WINDOWS\SYSTEM32\ntdll.dll
0x00007ffe40800000 - 0x00007ffe40813000 	C:\Program Files\AVAST Software\Avast\aswhook.dll
0x00007ffe73d40000 - 0x00007ffe73dfd000 	C:\WINDOWS\System32\KERNEL32.DLL
0x00007ffe718f0000 - 0x00007ffe71bb8000 	C:\WINDOWS\System32\KERNELBASE.dll
0x00007ffe71610000 - 0x00007ffe71710000 	C:\WINDOWS\System32\ucrtbase.dll
0x00007ffe3d370000 - 0x00007ffe3d387000 	C:\Program Files\JetBrains\IntelliJ IDEA Community Edition 2021.1\jbr\bin\VCRUNTIME140.dll
0x00007ffe3e850000 - 0x00007ffe3e869000 	C:\Program Files\JetBrains\IntelliJ IDEA Community Edition 2021.1\jbr\bin\jli.dll
0x00007ffe73420000 - 0x00007ffe735c0000 	C:\WINDOWS\System32\USER32.dll
0x00007ffe71590000 - 0x00007ffe715b2000 	C:\WINDOWS\System32\win32u.dll
0x00007ffe56b80000 - 0x00007ffe56e1a000 	C:\WINDOWS\WinSxS\amd64_microsoft.windows.common-controls_6595b64144ccf1df_6.0.19041.844_none_ca00b6081b84eb1d\COMCTL32.dll
0x00007ffe73650000 - 0x00007ffe7367a000 	C:\WINDOWS\System32\GDI32.dll
0x00007ffe73ca0000 - 0x00007ffe73d3e000 	C:\WINDOWS\System32\msvcrt.dll
0x00007ffe71c50000 - 0x00007ffe71d5b000 	C:\WINDOWS\System32\gdi32full.dll
0x00007ffe71d60000 - 0x00007ffe71dfd000 	C:\WINDOWS\System32\msvcp_win.dll
0x00007ffe73780000 - 0x00007ffe737b0000 	C:\WINDOWS\System32\IMM32.DLL
0x00007ffe340a0000 - 0x00007ffe3413d000 	C:\Program Files\JetBrains\IntelliJ IDEA Community Edition 2021.1\jbr\bin\msvcp140.dll
0x00007ffe34620000 - 0x00007ffe3516f000 	C:\Program Files\JetBrains\IntelliJ IDEA Community Edition 2021.1\jbr\bin\server\jvm.dll
0x00007ffe73240000 - 0x00007ffe732ec000 	C:\WINDOWS\System32\ADVAPI32.dll
0x00007ffe72840000 - 0x00007ffe728db000 	C:\WINDOWS\System32\sechost.dll
0x00007ffe71eb0000 - 0x00007ffe71fdb000 	C:\WINDOWS\System32\RPCRT4.dll
0x00007ffe737b0000 - 0x00007ffe737b8000 	C:\WINDOWS\System32\PSAPI.DLL
0x00007ffe58ab0000 - 0x00007ffe58ab9000 	C:\WINDOWS\SYSTEM32\WSOCK32.dll
0x00007ffe63a50000 - 0x00007ffe63a77000 	C:\WINDOWS\SYSTEM32\WINMM.dll
0x00007ffe6b2b0000 - 0x00007ffe6b2ba000 	C:\WINDOWS\SYSTEM32\VERSION.dll
0x00007ffe73710000 - 0x00007ffe7377b000 	C:\WINDOWS\System32\WS2_32.dll
0x00007ffe6feb0000 - 0x00007ffe6fec2000 	C:\WINDOWS\SYSTEM32\kernel.appcore.dll
0x00007ffe50f70000 - 0x00007ffe50f81000 	C:\Program Files\JetBrains\IntelliJ IDEA Community Edition 2021.1\jbr\bin\verify.dll
0x00007ffe6f3c0000 - 0x00007ffe6f5a4000 	C:\WINDOWS\SYSTEM32\DBGHELP.DLL
0x00007ffe69990000 - 0x00007ffe699bc000 	C:\WINDOWS\SYSTEM32\dbgcore.DLL
0x00007ffe71710000 - 0x00007ffe71790000 	C:\WINDOWS\System32\bcryptPrimitives.dll
0x00007ffe3f660000 - 0x00007ffe3f689000 	C:\Program Files\JetBrains\IntelliJ IDEA Community Edition 2021.1\jbr\bin\java.dll
0x00007ffe51090000 - 0x00007ffe5109b000 	C:\Program Files\JetBrains\IntelliJ IDEA Community Edition 2021.1\jbr\bin\jimage.dll
0x00007ffe50220000 - 0x00007ffe50238000 	C:\Program Files\JetBrains\IntelliJ IDEA Community Edition 2021.1\jbr\bin\zip.dll
0x00007ffe71fe0000 - 0x00007ffe72722000 	C:\WINDOWS\System32\SHELL32.dll
0x00007ffe6f6b0000 - 0x00007ffe6fe41000 	C:\WINDOWS\SYSTEM32\windows.storage.dll
0x00007ffe728e0000 - 0x00007ffe72c35000 	C:\WINDOWS\System32\combase.dll
0x00007ffe71000000 - 0x00007ffe7102c000 	C:\WINDOWS\SYSTEM32\Wldp.dll
0x00007ffe72790000 - 0x00007ffe7283e000 	C:\WINDOWS\System32\SHCORE.dll
0x00007ffe72c40000 - 0x00007ffe72c95000 	C:\WINDOWS\System32\shlwapi.dll
0x00007ffe714d0000 - 0x00007ffe714ef000 	C:\WINDOWS\SYSTEM32\profapi.dll
0x00007ffe3e5a0000 - 0x00007ffe3e5ba000 	C:\Program Files\JetBrains\IntelliJ IDEA Community Edition 2021.1\jbr\bin\net.dll
0x00007ffe62f10000 - 0x00007ffe6301b000 	C:\WINDOWS\SYSTEM32\WINHTTP.dll
0x00007ffe70d70000 - 0x00007ffe70dda000 	C:\WINDOWS\system32\mswsock.dll
0x00007ffe3cab0000 - 0x00007ffe3cac4000 	C:\Program Files\JetBrains\IntelliJ IDEA Community Edition 2021.1\jbr\bin\nio.dll
0x00007ffe4e840000 - 0x00007ffe4e8a4000 	C:\Users\PRANTO\AppData\Local\Temp\lwjglPRANTO\3.2.3-build-13\lwjgl.dll
0x00007ffe43570000 - 0x00007ffe435d2000 	C:\Users\PRANTO\AppData\Local\Temp\lwjglPRANTO\3.2.3-build-13\glfw.dll
0x00007ffe6e4e0000 - 0x00007ffe6e57e000 	C:\WINDOWS\system32\uxtheme.dll
0x00007ffe43520000 - 0x00007ffe43565000 	C:\WINDOWS\SYSTEM32\dinput8.dll
0x00007ffe591d0000 - 0x00007ffe591e1000 	C:\WINDOWS\SYSTEM32\xinput1_4.dll
0x00007ffe715c0000 - 0x00007ffe7160e000 	C:\WINDOWS\System32\cfgmgr32.dll
0x00007ffe71370000 - 0x00007ffe7139c000 	C:\WINDOWS\SYSTEM32\DEVOBJ.dll
0x00007ffe6f010000 - 0x00007ffe6f03f000 	C:\WINDOWS\SYSTEM32\dwmapi.dll
0x00007ffe59cb0000 - 0x00007ffe59e02000 	C:\WINDOWS\SYSTEM32\inputhost.dll
0x00007ffe73af0000 - 0x00007ffe73bbd000 	C:\WINDOWS\System32\OLEAUT32.dll
0x00007ffe6d820000 - 0x00007ffe6d974000 	C:\WINDOWS\SYSTEM32\wintypes.dll
0x00007ffe6e250000 - 0x00007ffe6e342000 	C:\WINDOWS\SYSTEM32\CoreMessaging.dll
0x00007ffe6eb00000 - 0x00007ffe6ebf7000 	C:\WINDOWS\SYSTEM32\PROPSYS.dll
0x00007ffe6def0000 - 0x00007ffe6e24e000 	C:\WINDOWS\SYSTEM32\CoreUIComponents.dll
0x00007ffe702d0000 - 0x00007ffe70303000 	C:\WINDOWS\SYSTEM32\ntmarta.dll
0x00007ffe73820000 - 0x00007ffe73935000 	C:\WINDOWS\System32\MSCTF.dll
0x00007ffe6fe50000 - 0x00007ffe6fe5d000 	C:\WINDOWS\SYSTEM32\HID.DLL
0x00007ffe72dd0000 - 0x00007ffe73239000 	C:\WINDOWS\System32\SETUPAPI.DLL
0x00007ffe71bc0000 - 0x00007ffe71be7000 	C:\WINDOWS\System32\bcrypt.dll
0x00007ffe71bf0000 - 0x00007ffe71c50000 	C:\WINDOWS\System32\WINTRUST.dll
0x00007ffe71790000 - 0x00007ffe718ef000 	C:\WINDOWS\System32\CRYPT32.dll
0x00007ffe71180000 - 0x00007ffe71192000 	C:\WINDOWS\SYSTEM32\MSASN1.dll
0x00007ffe518d0000 - 0x00007ffe519f6000 	C:\WINDOWS\SYSTEM32\opengl32.dll
0x00007ffe51860000 - 0x00007ffe5188c000 	C:\WINDOWS\SYSTEM32\GLU32.dll
0x00007ffe72d00000 - 0x00007ffe72da9000 	C:\WINDOWS\System32\clbcatq.dll
0x00007ffdf56f0000 - 0x00007ffdf6608000 	C:\WINDOWS\System32\DriverStore\FileRepository\ki124757.inf_amd64_b607c305e0c4e0a1\ig9icd64.dll
0x00007ffe6f5b0000 - 0x00007ffe6f5c4000 	C:\WINDOWS\SYSTEM32\WTSAPI32.dll
0x00007ffe6fff0000 - 0x00007ffe700e3000 	C:\WINDOWS\SYSTEM32\dxgi.dll
0x00007ffe66fb0000 - 0x00007ffe66feb000 	C:\WINDOWS\SYSTEM32\dxcore.dll
0x00007ffe646d0000 - 0x00007ffe65cc1000 	C:\WINDOWS\System32\DriverStore\FileRepository\ki124757.inf_amd64_b607c305e0c4e0a1\igc64.dll
0x00007ffe70b80000 - 0x00007ffe70bcb000 	C:\WINDOWS\SYSTEM32\powrprof.dll
0x00007ffe709f0000 - 0x00007ffe70a02000 	C:\WINDOWS\SYSTEM32\UMPDC.dll
0x00007ffe5c040000 - 0x00007ffe5c139000 	C:\WINDOWS\SYSTEM32\textinputframework.dll
0x00007ffe41190000 - 0x00007ffe411e9000 	C:\Users\PRANTO\AppData\Local\Temp\lwjglPRANTO\3.2.3-build-13\lwjgl_opengl.dll
0x00007ffe40aa0000 - 0x00007ffe40b17000 	C:\Users\PRANTO\AppData\Local\Temp\lwjglPRANTO\3.2.3-build-13\lwjgl_stb.dll

dbghelp: loaded successfully - version: 4.0.5 - missing functions: none
symbol engine: initialized successfully - sym options: 0x614 - pdb path: .;C:\Program Files\JetBrains\IntelliJ IDEA Community Edition 2021.1\jbr\bin;C:\WINDOWS\SYSTEM32;C:\Program Files\AVAST Software\Avast;C:\WINDOWS\WinSxS\amd64_microsoft.windows.common-controls_6595b64144ccf1df_6.0.19041.844_none_ca00b6081b84eb1d;C:\Program Files\JetBrains\IntelliJ IDEA Community Edition 2021.1\jbr\bin\server;C:\Users\PRANTO\AppData\Local\Temp\lwjglPRANTO\3.2.3-build-13;C:\WINDOWS\System32\DriverStore\FileRepository\ki124757.inf_amd64_b607c305e0c4e0a1

VM Arguments:
jvm_args: -Dfile.encoding=windows-1252 -Duser.country=US -Duser.language=en -Duser.variant 
java_command: Main
java_class_path (initial): D:\Desktop\Liff\build\classes\java\main;D:\Desktop\Liff\build\resources\main;C:\Users\PRANTO\.gradle\caches\modules-2\files-2.1\org.lwjgl\lwjgl-assimp\3.2.3\f62aa07a20afbdd3097efc296c4841e0d29700eb\lwjgl-assimp-3.2.3.jar;C:\Users\PRANTO\.gradle\caches\modules-2\files-2.1\org.lwjgl\lwjgl-assimp\3.2.3\4e60aeb75f0343c4a9ede4ef8b6b32ca702a00a3\lwjgl-assimp-3.2.3-natives-windows.jar;C:\Users\PRANTO\.gradle\caches\modules-2\files-2.1\org.lwjgl\lwjgl-glfw\3.2.3\5e520d5c290c8b012545a8d34fa5db5ab051ea53\lwjgl-glfw-3.2.3.jar;C:\Users\PRANTO\.gradle\caches\modules-2\files-2.1\org.lwjgl\lwjgl-glfw\3.2.3\b4d8a3477cdc2edcf7a5f1e822926be846223f54\lwjgl-glfw-3.2.3-natives-windows.jar;C:\Users\PRANTO\.gradle\caches\modules-2\files-2.1\org.lwjgl\lwjgl-nanovg\3.2.3\718be4a13691d1cd276fa852326e9e837d65204e\lwjgl-nanovg-3.2.3.jar;C:\Users\PRANTO\.gradle\caches\modules-2\files-2.1\org.lwjgl\lwjgl-nanovg\3.2.3\2fbe5c2849bcf182ba3c6c09828f032a64cd47ec\lwjgl-nanovg-3.2.3-natives-windows.jar;C:\Users\PRANTO\.gradle\caches\modules-2\files-2.1\org.lwjgl\lwjgl-nfd\3.2.3\c44fee1043c022cf6614a28872d44cf114ca7737\lwjgl-nfd-3.2.3.jar;C:\Users\PRANTO\.gradle\caches\modules-2\files-2.1\org.lwjgl\lwjgl-nfd\3.2.3\32782f5f5c57769efb82af864e70b819c77bc891\lwjgl-nfd-3.2.3-natives-windows.jar;C:\Users\PRANTO\.gradle\caches\modules-2\files-2.1\org.lwjgl\lwjgl-nuklear\3.2.3\45bfab23e975201bf3cb81287be6034adec64a86\lwjgl-nuklear-3.2.3.jar;C:\Users\PRANTO\.gradle\caches\modules-2\files-2.1\org.lwjgl\lwjgl-nuklear\3.2.3\ccb63f09670e43e58969b567ef42e02275be555a\lwjgl-nuklear-3.2.3-natives-windows.jar;C:\Users\PRANTO\.gradle\caches\modules-2\files-2.1\org.lwjgl\lwjgl-openal\3.2.3\106742e805803ab9eab8e343f0fb31a3d263903c\lwjgl-openal-3.2.3.jar;C:\Users\PRANTO\.gradle\caches\modules-2\files-2.1\org.lwjgl\lwjgl-openal\3.2.3\ec898e8ce11b5886f4f532a1536283ef2817758d\lwjgl-openal-3.2.3-natives-windows.jar;C:\Users\PRANTO\.gradle\caches\modules-2\files-2.1\org.lwjgl\lwjgl-opengl\3.2.3\bdd534
Launcher Type: SUN_STANDARD

[Global flags]
     intx CICompilerCount                          = 4                                         {product} {ergonomic}
     uint ConcGCThreads                            = 2                                         {product} {ergonomic}
     uint G1ConcRefinementThreads                  = 8                                         {product} {ergonomic}
   size_t G1HeapRegionSize                         = 1048576                                   {product} {ergonomic}
    uintx GCDrainStackTargetSize                   = 64                                        {product} {ergonomic}
   size_t InitialHeapSize                          = 268435456                                 {product} {ergonomic}
   size_t MarkStackSize                            = 4194304                                   {product} {ergonomic}
   size_t MaxHeapSize                              = 4273995776                                {product} {ergonomic}
   size_t MaxNewSize                               = 2563768320                                {product} {ergonomic}
   size_t MinHeapDeltaBytes                        = 1048576                                   {product} {ergonomic}
    uintx NonNMethodCodeHeapSize                   = 5836300                                {pd product} {ergonomic}
    uintx NonProfiledCodeHeapSize                  = 122910970                              {pd product} {ergonomic}
    uintx ProfiledCodeHeapSize                     = 122910970                              {pd product} {ergonomic}
    uintx ReservedCodeCacheSize                    = 251658240                              {pd product} {ergonomic}
     bool SegmentedCodeCache                       = true                                      {product} {ergonomic}
     bool UseCompressedClassPointers               = true                                 {lp64_product} {ergonomic}
     bool UseCompressedOops                        = true                                 {lp64_product} {ergonomic}
     bool UseG1GC                                  = true                                      {product} {ergonomic}
     bool UseLargePagesIndividualAllocation        = false                                  {pd product} {ergonomic}

Logging:
Log output configuration:
 #0: stdout all=warning uptime,level,tags
 #1: stderr all=off uptime,level,tags

Environment Variables:
JAVA_HOME=C:/Program Files/Java/jdk-10.0.2
PATH=C:\ProgramData\Anaconda3;C:\ProgramData\Anaconda3\Library\mingw-w64\bin;C:\ProgramData\Anaconda3\Library\usr\bin;C:\ProgramData\Anaconda3\Library\bin;C:\ProgramData\Anaconda3\Scripts;C:\Program Files\NVIDIA GPU Computing Toolkit\CUDA\v9.0\bin;C:\Program Files\NVIDIA GPU Computing Toolkit\CUDA\v9.0\libnvvp;C:\Program Files (x86)\Common Files\Intel\Shared Libraries\redist\intel64_win\compiler;C:\Program Files (x86)\Common Files\Oracle\Java\javapath;C:\Program Files (x86)\Intel\iCLS Client\;C:\Program Files\Intel\iCLS Client\;C:\windows\system32;C:\windows;C:\windows\System32\Wbem;C:\windows\System32\WindowsPowerShell\v1.0\;C:\Program Files (x86)\NVIDIA Corporation\PhysX\Common;C:\Program Files (x86)\GtkSharp\2.12\bin;C:\sqlite;C:\Program Files\Git\cmd;C:\WINDOWS\system32;C:\WINDOWS;C:\WINDOWS\System32\Wbem;C:\WINDOWS\System32\WindowsPowerShell\v1.0\;C:\Program Files (x86)\Intel\Intel(R) Management Engine Components\DAL;C:\Program Files\Intel\Intel(R) Management Engine Components\DAL;C:\Program Files (x86)\Intel\Intel(R) Management Engine Components\IPT;C:\Program Files\Intel\Intel(R) Management Engine Components\IPT;C:\WINDOWS\System32\OpenSSH\;C:\Program Files\Java\jdk-10.0.2;C:\Program Files\Microsoft VS Code\bin;C:\Program Files\NVIDIA Corporation\NVIDIA NvDLISR;C:\Program Files\Intel\WiFi\bin\;C:\Program Files\Common Files\Intel\WirelessCommon\;C:\WINDOWS\system32;C:\WINDOWS;C:\WINDOWS\System32\Wbem;C:\WINDOWS\System32\WindowsPowerShell\v1.0\;C:\WINDOWS\System32\OpenSSH\;C:\Users\PRANTO\AppData\Local\Programs\Python\Python37-32;C:\Program Files\SlikSvn\bin;C:\Program Files\Common Files\Autodesk Shared\;C:\Program Files\MiKTeX 2.9\miktex\bin\x64\;C:\Program Files\CMake\bin;C:\Program Files (x86)\Calibre2\;C:\Program Files\dotnet\;C:\Program Files\Java\jdk-10.0.2;C:\Program Files\NVIDIA GPU Computing Toolkit\CUDA\v9.0\bin;C:\Program Files\NVIDIA GPU Computing Toolkit\CUDA\v9.0\libnvvp;C:\Program Files\JetBrains\IntelliJ IDEA Community Edition 2019.1.3\bin;C:\Users
USERNAME=PRANTO
OS=Windows_NT
PROCESSOR_IDENTIFIER=Intel64 Family 6 Model 142 Stepping 10, GenuineIntel



---------------  S Y S T E M  ---------------

OS: Windows 10 , 64 bit Build 19041 (10.0.19041.928)
OS uptime: 0 days 9:41 hours

CPU:total 8 (initial active 8) (4 cores per cpu, 2 threads per core) family 6 model 142 stepping 10 microcode 0xe0, cmov, cx8, fxsr, mmx, sse, sse2, sse3, ssse3, sse4.1, sse4.2, popcnt, avx, avx2, aes, clmul, erms, 3dnowpref, lzcnt, ht, tsc, tscinvbit, bmi1, bmi2, adx, fma

Memory: 4k page, system-wide physical 16300M (1163M free)
TotalPageFile size 21860M (AvailPageFile size 0M)
current process WorkingSet (physical memory assigned to process): 1143M, peak: 1143M
current process commit charge ("private bytes"): 1346M, peak: 1346M

vm_info: Dynamic Code Evolution 64-Bit Server VM (11.0.10+9-b1341.35) for windows-amd64 JRE (11.0.10+9-b1341.35), built on Mar 31 2021 02:11:12 by "" with MS VC++ 14.0 (VS2015)

END.
